<?xml version="1.0" encoding="UTF-8"?>
<testng-results ignored="0" total="1" passed="1" failed="0" skipped="0">
  <reporter-output>
  </reporter-output>
  <suite started-at="2023-03-24T14:01:56 IST" name="Default suite" finished-at="2023-03-24T14:01:59 IST" duration-ms="3577">
    <groups>
    </groups>
    <test started-at="2023-03-24T14:01:56 IST" name="Default test" finished-at="2023-03-24T14:01:59 IST" duration-ms="3577">
      <class name="testCases.testCase2">
        <test-method is-config="true" signature="login()[pri:0, instance:testCases.testCase2@40ef3420]" started-at="2023-03-24T14:01:56 IST" name="login" finished-at="2023-03-24T14:01:59 IST" duration-ms="3034" status="PASS">
          <reporter-output>
          </reporter-output>
        </test-method> <!-- login -->
        <test-method signature="loginTestcase()[pri:0, instance:testCases.testCase2@40ef3420]" started-at="2023-03-24T14:01:59 IST" name="loginTestcase" finished-at="2023-03-24T14:01:59 IST" duration-ms="243" status="PASS">
          <reporter-output>
          </reporter-output>
        </test-method> <!-- loginTestcase -->
        <test-method is-config="true" signature="logOut()[pri:0, instance:testCases.testCase2@40ef3420]" started-at="2023-03-24T14:01:59 IST" name="logOut" finished-at="2023-03-24T14:01:59 IST" duration-ms="269" status="PASS">
          <reporter-output>
          </reporter-output>
        </test-method> <!-- logOut -->
      </class> <!-- testCases.testCase2 -->
    </test> <!-- Default test -->
  </suite> <!-- Default suite -->
</testng-results>
